<?xml version="1.0" encoding="UTF-8"?>
<testng-results skipped="0" failed="0" total="2" passed="2">
  <reporter-output>
  </reporter-output>
  <suite name="Default suite" duration-ms="10377" started-at="2017-04-25T09:04:53Z" finished-at="2017-04-25T09:05:04Z">
    <groups>
    </groups>
    <test name="Default test" duration-ms="10377" started-at="2017-04-25T09:04:53Z" finished-at="2017-04-25T09:05:04Z">
      <class name="testcase.Case_0001">
        <test-method status="PASS" signature="beforeMethod()[pri:0, instance:testcase.Case_0001@3a3c7186]" name="beforeMethod" is-config="true" duration-ms="3010" started-at="2017-04-25T17:04:54Z" finished-at="2017-04-25T17:04:57Z">
          <reporter-output>
          </reporter-output>
        </test-method> <!-- beforeMethod -->
        <test-method status="PASS" signature="f(java.lang.String)[pri:0, instance:testcase.Case_0001@3a3c7186]" name="f" duration-ms="1558" started-at="2017-04-25T17:04:57Z" data-provider="dp" finished-at="2017-04-25T17:04:59Z">
          <params>
            <param index="0">
              <value>
                <![CDATA[三星]]>
              </value>
            </param>
          </params>
          <reporter-output>
          </reporter-output>
        </test-method> <!-- f -->
        <test-method status="PASS" signature="beforeMethod()[pri:0, instance:testcase.Case_0001@3a3c7186]" name="beforeMethod" is-config="true" duration-ms="2462" started-at="2017-04-25T17:04:59Z" finished-at="2017-04-25T17:05:01Z">
          <reporter-output>
          </reporter-output>
        </test-method> <!-- beforeMethod -->
        <test-method status="PASS" signature="afterMethod()[pri:0, instance:testcase.Case_0001@3a3c7186]" name="afterMethod" is-config="true" duration-ms="0" started-at="2017-04-25T17:04:59Z" finished-at="2017-04-25T17:04:59Z">
          <reporter-output>
          </reporter-output>
        </test-method> <!-- afterMethod -->
        <test-method status="PASS" signature="f(java.lang.String)[pri:0, instance:testcase.Case_0001@3a3c7186]" name="f" duration-ms="2288" started-at="2017-04-25T17:05:01Z" data-provider="dp" finished-at="2017-04-25T17:05:04Z">
          <params>
            <param index="0">
              <value>
                <![CDATA[苹果]]>
              </value>
            </param>
          </params>
          <reporter-output>
          </reporter-output>
        </test-method> <!-- f -->
        <test-method status="PASS" signature="afterMethod()[pri:0, instance:testcase.Case_0001@3a3c7186]" name="afterMethod" is-config="true" duration-ms="1" started-at="2017-04-25T17:05:04Z" finished-at="2017-04-25T17:05:04Z">
          <reporter-output>
          </reporter-output>
        </test-method> <!-- afterMethod -->
      </class> <!-- testcase.Case_0001 -->
    </test> <!-- Default test -->
  </suite> <!-- Default suite -->
</testng-results>
